<?xml version="1.0" encoding="UTF-8"?>
<coverage generated="1680943851795" clover="3.2.0">
  <project timestamp="1680943851795" name="All files">
    <metrics statements="32" coveredstatements="32" conditionals="4" coveredconditionals="4" methods="6" coveredmethods="6" elements="42" coveredelements="42" complexity="0" loc="32" ncloc="32" packages="1" files="5" classes="5"/>
    <file name="canPlay.js" path="/Users/swapnil_k_singh/Desktop/test/Multiplayer-Card-Game/src/utils/canPlay.js">
      <metrics statements="3" coveredstatements="3" conditionals="2" coveredconditionals="2" methods="1" coveredmethods="1"/>
      <line num="1" count="1" type="stmt"/>
      <line num="2" count="2" type="cond" truecount="2" falsecount="0"/>
      <line num="5" count="1" type="stmt"/>
    </file>
    <file name="dealCards.js" path="/Users/swapnil_k_singh/Desktop/test/Multiplayer-Card-Game/src/utils/dealCards.js">
      <metrics statements="9" coveredstatements="9" conditionals="0" coveredconditionals="0" methods="1" coveredmethods="1"/>
      <line num="1" count="1" type="stmt"/>
      <line num="2" count="4" type="stmt"/>
      <line num="3" count="4" type="stmt"/>
      <line num="4" count="8" type="stmt"/>
      <line num="6" count="4" type="stmt"/>
      <line num="7" count="20" type="stmt"/>
      <line num="8" count="40" type="stmt"/>
      <line num="11" count="4" type="stmt"/>
      <line num="14" count="1" type="stmt"/>
    </file>
    <file name="getIndex.js" path="/Users/swapnil_k_singh/Desktop/test/Multiplayer-Card-Game/src/utils/getIndex.js">
      <metrics statements="8" coveredstatements="8" conditionals="2" coveredconditionals="2" methods="2" coveredmethods="2"/>
      <line num="1" count="1" type="stmt"/>
      <line num="2" count="2" type="stmt"/>
      <line num="5" count="1" type="stmt"/>
      <line num="6" count="2" type="stmt"/>
      <line num="7" count="2" type="cond" truecount="2" falsecount="0"/>
      <line num="8" count="1" type="stmt"/>
      <line num="11" count="1" type="stmt"/>
      <line num="14" count="1" type="stmt"/>
    </file>
    <file name="playCards.js" path="/Users/swapnil_k_singh/Desktop/test/Multiplayer-Card-Game/src/utils/playCards.js">
      <metrics statements="5" coveredstatements="5" conditionals="0" coveredconditionals="0" methods="1" coveredmethods="1"/>
      <line num="1" count="1" type="stmt"/>
      <line num="2" count="2" type="stmt"/>
      <line num="3" count="2" type="stmt"/>
      <line num="4" count="2" type="stmt"/>
      <line num="7" count="1" type="stmt"/>
    </file>
    <file name="suffleDeck.js" path="/Users/swapnil_k_singh/Desktop/test/Multiplayer-Card-Game/src/utils/suffleDeck.js">
      <metrics statements="7" coveredstatements="7" conditionals="0" coveredconditionals="0" methods="1" coveredmethods="1"/>
      <line num="1" count="1" type="stmt"/>
      <line num="2" count="1" type="stmt"/>
      <line num="3" count="4" type="stmt"/>
      <line num="4" count="4" type="stmt"/>
      <line num="5" count="4" type="stmt"/>
      <line num="6" count="4" type="stmt"/>
      <line num="10" count="1" type="stmt"/>
    </file>
  </project>
</coverage>
