{"/Users/swapnil_k_singh/Desktop/test/Multiplayer-Card-Game/src/utils/canPlay.js": {"path":"/Users/swapnil_k_singh/Desktop/test/Multiplayer-Card-Game/src/utils/canPlay.js","statementMap":{"0":{"start":{"line":1,"column":16},"end":{"line":3,"column":1}},"1":{"start":{"line":2,"column":2},"end":{"line":2,"column":66}},"2":{"start":{"line":5,"column":0},"end":{"line":5,"column":25}}},"fnMap":{"0":{"name":"(anonymous_0)","decl":{"start":{"line":1,"column":16},"end":{"line":1,"column":17}},"loc":{"start":{"line":1,"column":35},"end":{"line":3,"column":1}},"line":1}},"branchMap":{"0":{"loc":{"start":{"line":2,"column":9},"end":{"line":2,"column":65}},"type":"binary-expr","locations":[{"start":{"line":2,"column":9},"end":{"line":2,"column":35}},{"start":{"line":2,"column":39},"end":{"line":2,"column":65}}],"line":2}},"s":{"0":1,"1":2,"2":1},"f":{"0":2},"b":{"0":[2,1]},"_coverageSchema":"1a1c01bbd47fc00a2c39e90264f33305004495a9","hash":"ed86ed6bb9a8b825b6f188fabb1e46ec9619acd3"}
,"/Users/swapnil_k_singh/Desktop/test/Multiplayer-Card-Game/src/utils/dealCards.js": {"path":"/Users/swapnil_k_singh/Desktop/test/Multiplayer-Card-Game/src/utils/dealCards.js","statementMap":{"0":{"start":{"line":1,"column":18},"end":{"line":12,"column":1}},"1":{"start":{"line":2,"column":16},"end":{"line":2,"column":18}},"2":{"start":{"line":3,"column":2},"end":{"line":5,"column":3}},"3":{"start":{"line":3,"column":15},"end":{"line":3,"column":16}},"4":{"start":{"line":4,"column":4},"end":{"line":4,"column":19}},"5":{"start":{"line":6,"column":2},"end":{"line":10,"column":3}},"6":{"start":{"line":6,"column":15},"end":{"line":6,"column":16}},"7":{"start":{"line":7,"column":4},"end":{"line":9,"column":5}},"8":{"start":{"line":7,"column":17},"end":{"line":7,"column":18}},"9":{"start":{"line":8,"column":6},"end":{"line":8,"column":32}},"10":{"start":{"line":11,"column":2},"end":{"line":11,"column":15}},"11":{"start":{"line":14,"column":0},"end":{"line":14,"column":27}}},"fnMap":{"0":{"name":"(anonymous_0)","decl":{"start":{"line":1,"column":18},"end":{"line":1,"column":19}},"loc":{"start":{"line":1,"column":41},"end":{"line":12,"column":1}},"line":1}},"branchMap":{},"s":{"0":1,"1":4,"2":4,"3":4,"4":8,"5":4,"6":4,"7":20,"8":20,"9":40,"10":4,"11":1},"f":{"0":4},"b":{},"_coverageSchema":"1a1c01bbd47fc00a2c39e90264f33305004495a9","hash":"96f847145844e9bef8edd6dc553ef928f0e92e0b"}
,"/Users/swapnil_k_singh/Desktop/test/Multiplayer-Card-Game/src/utils/getIndex.js": {"path":"/Users/swapnil_k_singh/Desktop/test/Multiplayer-Card-Game/src/utils/getIndex.js","statementMap":{"0":{"start":{"line":1,"column":27},"end":{"line":3,"column":1}},"1":{"start":{"line":2,"column":2},"end":{"line":2,"column":48}},"2":{"start":{"line":5,"column":23},"end":{"line":12,"column":1}},"3":{"start":{"line":6,"column":2},"end":{"line":10,"column":3}},"4":{"start":{"line":6,"column":15},"end":{"line":6,"column":16}},"5":{"start":{"line":7,"column":4},"end":{"line":9,"column":5}},"6":{"start":{"line":8,"column":6},"end":{"line":8,"column":15}},"7":{"start":{"line":11,"column":2},"end":{"line":11,"column":12}},"8":{"start":{"line":14,"column":0},"end":{"line":17,"column":2}}},"fnMap":{"0":{"name":"(anonymous_0)","decl":{"start":{"line":1,"column":27},"end":{"line":1,"column":28}},"loc":{"start":{"line":1,"column":64},"end":{"line":3,"column":1}},"line":1},"1":{"name":"(anonymous_1)","decl":{"start":{"line":5,"column":23},"end":{"line":5,"column":24}},"loc":{"start":{"line":5,"column":36},"end":{"line":12,"column":1}},"line":5}},"branchMap":{"0":{"loc":{"start":{"line":7,"column":4},"end":{"line":9,"column":5}},"type":"if","locations":[{"start":{"line":7,"column":4},"end":{"line":9,"column":5}},{"start":{},"end":{}}],"line":7}},"s":{"0":1,"1":2,"2":1,"3":2,"4":2,"5":2,"6":1,"7":1,"8":1},"f":{"0":2,"1":2},"b":{"0":[1,1]},"_coverageSchema":"1a1c01bbd47fc00a2c39e90264f33305004495a9","hash":"80b4c34dba3fcd5c309b5f9cd070b5c1214cee54"}
,"/Users/swapnil_k_singh/Desktop/test/Multiplayer-Card-Game/src/utils/playCards.js": {"path":"/Users/swapnil_k_singh/Desktop/test/Multiplayer-Card-Game/src/utils/playCards.js","statementMap":{"0":{"start":{"line":1,"column":17},"end":{"line":5,"column":1}},"1":{"start":{"line":2,"column":15},"end":{"line":2,"column":43}},"2":{"start":{"line":3,"column":2},"end":{"line":3,"column":25}},"3":{"start":{"line":4,"column":2},"end":{"line":4,"column":14}},"4":{"start":{"line":7,"column":0},"end":{"line":7,"column":26}}},"fnMap":{"0":{"name":"(anonymous_0)","decl":{"start":{"line":1,"column":17},"end":{"line":1,"column":18}},"loc":{"start":{"line":1,"column":51},"end":{"line":5,"column":1}},"line":1}},"branchMap":{},"s":{"0":1,"1":2,"2":2,"3":2,"4":1},"f":{"0":2},"b":{},"_coverageSchema":"1a1c01bbd47fc00a2c39e90264f33305004495a9","hash":"82f8d6038683317f0b61b7a0261b55d53e371429"}
,"/Users/swapnil_k_singh/Desktop/test/Multiplayer-Card-Game/src/utils/suffleDeck.js": {"path":"/Users/swapnil_k_singh/Desktop/test/Multiplayer-Card-Game/src/utils/suffleDeck.js","statementMap":{"0":{"start":{"line":1,"column":19},"end":{"line":8,"column":1}},"1":{"start":{"line":2,"column":2},"end":{"line":7,"column":3}},"2":{"start":{"line":2,"column":15},"end":{"line":2,"column":30}},"3":{"start":{"line":3,"column":14},"end":{"line":3,"column":43}},"4":{"start":{"line":4,"column":17},"end":{"line":4,"column":24}},"5":{"start":{"line":5,"column":4},"end":{"line":5,"column":22}},"6":{"start":{"line":6,"column":4},"end":{"line":6,"column":19}},"7":{"start":{"line":10,"column":0},"end":{"line":10,"column":28}}},"fnMap":{"0":{"name":"(anonymous_0)","decl":{"start":{"line":1,"column":19},"end":{"line":1,"column":20}},"loc":{"start":{"line":1,"column":29},"end":{"line":8,"column":1}},"line":1}},"branchMap":{},"s":{"0":1,"1":1,"2":1,"3":4,"4":4,"5":4,"6":4,"7":1},"f":{"0":1},"b":{},"_coverageSchema":"1a1c01bbd47fc00a2c39e90264f33305004495a9","hash":"0f2ee4834e464d5e4df1bacf990cc069ca8f1b79"}
}
