{"/Users/swapnil_k_singh/Desktop/test/Multiplayer-Card-Game/src/index.js": {"path":"/Users/swapnil_k_singh/Desktop/test/Multiplayer-Card-Game/src/index.js","statementMap":{"0":{"start":{"line":1,"column":15},"end":{"line":1,"column":39}},"1":{"start":{"line":2,"column":13},"end":{"line":2,"column":39}},"2":{"start":{"line":3,"column":19},"end":{"line":3,"column":20}},"3":{"start":{"line":4,"column":19},"end":{"line":4,"column":48}},"4":{"start":{"line":5,"column":18},"end":{"line":5,"column":46}},"5":{"start":{"line":6,"column":16},"end":{"line":6,"column":42}},"6":{"start":{"line":7,"column":47},"end":{"line":7,"column":74}},"7":{"start":{"line":8,"column":17},"end":{"line":8,"column":45}},"8":{"start":{"line":10,"column":17},"end":{"line":19,"column":1}},"9":{"start":{"line":11,"column":2},"end":{"line":13,"column":3}},"10":{"start":{"line":12,"column":4},"end":{"line":12,"column":11}},"11":{"start":{"line":14,"column":2},"end":{"line":17,"column":3}},"12":{"start":{"line":15,"column":4},"end":{"line":15,"column":21}},"13":{"start":{"line":16,"column":4},"end":{"line":16,"column":27}},"14":{"start":{"line":18,"column":2},"end":{"line":18,"column":28}},"15":{"start":{"line":21,"column":17},"end":{"line":71,"column":1}},"16":{"start":{"line":22,"column":2},"end":{"line":22,"column":32}},"17":{"start":{"line":23,"column":2},"end":{"line":23,"column":63}},"18":{"start":{"line":24,"column":15},"end":{"line":24,"column":24}},"19":{"start":{"line":25,"column":18},"end":{"line":25,"column":20}},"20":{"start":{"line":26,"column":2},"end":{"line":31,"column":3}},"21":{"start":{"line":26,"column":15},"end":{"line":26,"column":16}},"22":{"start":{"line":27,"column":4},"end":{"line":30,"column":7}},"23":{"start":{"line":32,"column":2},"end":{"line":32,"column":19}},"24":{"start":{"line":33,"column":16},"end":{"line":33,"column":45}},"25":{"start":{"line":34,"column":2},"end":{"line":36,"column":3}},"26":{"start":{"line":34,"column":15},"end":{"line":34,"column":16}},"27":{"start":{"line":35,"column":4},"end":{"line":35,"column":31}},"28":{"start":{"line":37,"column":22},"end":{"line":37,"column":34}},"29":{"start":{"line":38,"column":19},"end":{"line":38,"column":23}},"30":{"start":{"line":39,"column":2},"end":{"line":39,"column":42}},"31":{"start":{"line":40,"column":2},"end":{"line":42,"column":3}},"32":{"start":{"line":40,"column":15},"end":{"line":40,"column":16}},"33":{"start":{"line":41,"column":4},"end":{"line":41,"column":48}},"34":{"start":{"line":43,"column":27},"end":{"line":43,"column":70}},"35":{"start":{"line":44,"column":17},"end":{"line":44,"column":22}},"36":{"start":{"line":45,"column":2},"end":{"line":70,"column":3}},"37":{"start":{"line":46,"column":26},"end":{"line":46,"column":53}},"38":{"start":{"line":47,"column":20},"end":{"line":47,"column":55}},"39":{"start":{"line":48,"column":22},"end":{"line":48,"column":27}},"40":{"start":{"line":49,"column":4},"end":{"line":54,"column":5}},"41":{"start":{"line":49,"column":17},"end":{"line":49,"column":18}},"42":{"start":{"line":50,"column":6},"end":{"line":53,"column":7}},"43":{"start":{"line":51,"column":8},"end":{"line":51,"column":27}},"44":{"start":{"line":52,"column":8},"end":{"line":52,"column":14}},"45":{"start":{"line":55,"column":4},"end":{"line":62,"column":5}},"46":{"start":{"line":56,"column":24},"end":{"line":56,"column":77}},"47":{"start":{"line":57,"column":19},"end":{"line":57,"column":71}},"48":{"start":{"line":58,"column":6},"end":{"line":58,"column":79}},"49":{"start":{"line":60,"column":6},"end":{"line":60,"column":51}},"50":{"start":{"line":61,"column":6},"end":{"line":61,"column":55}},"51":{"start":{"line":63,"column":24},"end":{"line":63,"column":47}},"52":{"start":{"line":64,"column":4},"end":{"line":69,"column":5}},"53":{"start":{"line":65,"column":6},"end":{"line":65,"column":55}},"54":{"start":{"line":66,"column":6},"end":{"line":66,"column":22}},"55":{"start":{"line":68,"column":6},"end":{"line":68,"column":80}},"56":{"start":{"line":73,"column":0},"end":{"line":77,"column":1}},"57":{"start":{"line":74,"column":2},"end":{"line":74,"column":13}},"58":{"start":{"line":76,"column":2},"end":{"line":76,"column":29}}},"fnMap":{"0":{"name":"(anonymous_0)","decl":{"start":{"line":10,"column":17},"end":{"line":10,"column":18}},"loc":{"start":{"line":10,"column":43},"end":{"line":19,"column":1}},"line":10},"1":{"name":"(anonymous_1)","decl":{"start":{"line":21,"column":17},"end":{"line":21,"column":18}},"loc":{"start":{"line":21,"column":23},"end":{"line":71,"column":1}},"line":21}},"branchMap":{"0":{"loc":{"start":{"line":11,"column":2},"end":{"line":13,"column":3}},"type":"if","locations":[{"start":{"line":11,"column":2},"end":{"line":13,"column":3}},{"start":{},"end":{}}],"line":11},"1":{"loc":{"start":{"line":14,"column":2},"end":{"line":17,"column":3}},"type":"if","locations":[{"start":{"line":14,"column":2},"end":{"line":17,"column":3}},{"start":{},"end":{}}],"line":14},"2":{"loc":{"start":{"line":50,"column":6},"end":{"line":53,"column":7}},"type":"if","locations":[{"start":{"line":50,"column":6},"end":{"line":53,"column":7}},{"start":{},"end":{}}],"line":50},"3":{"loc":{"start":{"line":55,"column":4},"end":{"line":62,"column":5}},"type":"if","locations":[{"start":{"line":55,"column":4},"end":{"line":62,"column":5}},{"start":{"line":59,"column":11},"end":{"line":62,"column":5}}],"line":55},"4":{"loc":{"start":{"line":64,"column":4},"end":{"line":69,"column":5}},"type":"if","locations":[{"start":{"line":64,"column":4},"end":{"line":69,"column":5}},{"start":{"line":67,"column":11},"end":{"line":69,"column":5}}],"line":64}},"s":{"0":0,"1":0,"2":0,"3":0,"4":0,"5":0,"6":0,"7":0,"8":0,"9":0,"10":0,"11":0,"12":0,"13":0,"14":0,"15":0,"16":0,"17":0,"18":0,"19":0,"20":0,"21":0,"22":0,"23":0,"24":0,"25":0,"26":0,"27":0,"28":0,"29":0,"30":0,"31":0,"32":0,"33":0,"34":0,"35":0,"36":0,"37":0,"38":0,"39":0,"40":0,"41":0,"42":0,"43":0,"44":0,"45":0,"46":0,"47":0,"48":0,"49":0,"50":0,"51":0,"52":0,"53":0,"54":0,"55":0,"56":0,"57":0,"58":0},"f":{"0":0,"1":0},"b":{"0":[0,0],"1":[0,0],"2":[0,0],"3":[0,0],"4":[0,0]}}
,"/Users/swapnil_k_singh/Desktop/test/Multiplayer-Card-Game/src/constant/deck.js": {"path":"/Users/swapnil_k_singh/Desktop/test/Multiplayer-Card-Game/src/constant/deck.js","statementMap":{"0":{"start":{"line":1,"column":13},"end":{"line":54,"column":1}},"1":{"start":{"line":56,"column":0},"end":{"line":56,"column":22}}},"fnMap":{},"branchMap":{},"s":{"0":0,"1":0},"f":{},"b":{}}
,"/Users/swapnil_k_singh/Desktop/test/Multiplayer-Card-Game/src/utils/canPlay.js": {"path":"/Users/swapnil_k_singh/Desktop/test/Multiplayer-Card-Game/src/utils/canPlay.js","statementMap":{"0":{"start":{"line":1,"column":16},"end":{"line":3,"column":1}},"1":{"start":{"line":2,"column":2},"end":{"line":2,"column":66}},"2":{"start":{"line":5,"column":0},"end":{"line":5,"column":25}}},"fnMap":{"0":{"name":"(anonymous_0)","decl":{"start":{"line":1,"column":16},"end":{"line":1,"column":17}},"loc":{"start":{"line":1,"column":35},"end":{"line":3,"column":1}},"line":1}},"branchMap":{"0":{"loc":{"start":{"line":2,"column":9},"end":{"line":2,"column":65}},"type":"binary-expr","locations":[{"start":{"line":2,"column":9},"end":{"line":2,"column":35}},{"start":{"line":2,"column":39},"end":{"line":2,"column":65}}],"line":2}},"s":{"0":1,"1":2,"2":1},"f":{"0":2},"b":{"0":[2,1]},"_coverageSchema":"1a1c01bbd47fc00a2c39e90264f33305004495a9","hash":"ed86ed6bb9a8b825b6f188fabb1e46ec9619acd3"}
,"/Users/swapnil_k_singh/Desktop/test/Multiplayer-Card-Game/src/utils/dealCards.js": {"path":"/Users/swapnil_k_singh/Desktop/test/Multiplayer-Card-Game/src/utils/dealCards.js","statementMap":{"0":{"start":{"line":1,"column":18},"end":{"line":12,"column":1}},"1":{"start":{"line":2,"column":16},"end":{"line":2,"column":18}},"2":{"start":{"line":3,"column":2},"end":{"line":5,"column":3}},"3":{"start":{"line":3,"column":15},"end":{"line":3,"column":16}},"4":{"start":{"line":4,"column":4},"end":{"line":4,"column":19}},"5":{"start":{"line":6,"column":2},"end":{"line":10,"column":3}},"6":{"start":{"line":6,"column":15},"end":{"line":6,"column":16}},"7":{"start":{"line":7,"column":4},"end":{"line":9,"column":5}},"8":{"start":{"line":7,"column":17},"end":{"line":7,"column":18}},"9":{"start":{"line":8,"column":6},"end":{"line":8,"column":32}},"10":{"start":{"line":11,"column":2},"end":{"line":11,"column":15}},"11":{"start":{"line":14,"column":0},"end":{"line":14,"column":27}}},"fnMap":{"0":{"name":"(anonymous_0)","decl":{"start":{"line":1,"column":18},"end":{"line":1,"column":19}},"loc":{"start":{"line":1,"column":41},"end":{"line":12,"column":1}},"line":1}},"branchMap":{},"s":{"0":1,"1":4,"2":4,"3":4,"4":8,"5":4,"6":4,"7":20,"8":20,"9":40,"10":4,"11":1},"f":{"0":4},"b":{},"_coverageSchema":"1a1c01bbd47fc00a2c39e90264f33305004495a9","hash":"96f847145844e9bef8edd6dc553ef928f0e92e0b"}
,"/Users/swapnil_k_singh/Desktop/test/Multiplayer-Card-Game/src/utils/getIndex.js": {"path":"/Users/swapnil_k_singh/Desktop/test/Multiplayer-Card-Game/src/utils/getIndex.js","statementMap":{"0":{"start":{"line":1,"column":27},"end":{"line":3,"column":1}},"1":{"start":{"line":2,"column":2},"end":{"line":2,"column":48}},"2":{"start":{"line":5,"column":23},"end":{"line":12,"column":1}},"3":{"start":{"line":6,"column":2},"end":{"line":10,"column":3}},"4":{"start":{"line":6,"column":15},"end":{"line":6,"column":16}},"5":{"start":{"line":7,"column":4},"end":{"line":9,"column":5}},"6":{"start":{"line":8,"column":6},"end":{"line":8,"column":15}},"7":{"start":{"line":11,"column":2},"end":{"line":11,"column":12}},"8":{"start":{"line":14,"column":0},"end":{"line":17,"column":2}}},"fnMap":{"0":{"name":"(anonymous_0)","decl":{"start":{"line":1,"column":27},"end":{"line":1,"column":28}},"loc":{"start":{"line":1,"column":64},"end":{"line":3,"column":1}},"line":1},"1":{"name":"(anonymous_1)","decl":{"start":{"line":5,"column":23},"end":{"line":5,"column":24}},"loc":{"start":{"line":5,"column":36},"end":{"line":12,"column":1}},"line":5}},"branchMap":{"0":{"loc":{"start":{"line":7,"column":4},"end":{"line":9,"column":5}},"type":"if","locations":[{"start":{"line":7,"column":4},"end":{"line":9,"column":5}},{"start":{},"end":{}}],"line":7}},"s":{"0":1,"1":2,"2":1,"3":2,"4":2,"5":2,"6":1,"7":1,"8":1},"f":{"0":2,"1":2},"b":{"0":[1,1]},"_coverageSchema":"1a1c01bbd47fc00a2c39e90264f33305004495a9","hash":"80b4c34dba3fcd5c309b5f9cd070b5c1214cee54"}
,"/Users/swapnil_k_singh/Desktop/test/Multiplayer-Card-Game/src/utils/playCards.js": {"path":"/Users/swapnil_k_singh/Desktop/test/Multiplayer-Card-Game/src/utils/playCards.js","statementMap":{"0":{"start":{"line":1,"column":17},"end":{"line":5,"column":1}},"1":{"start":{"line":2,"column":15},"end":{"line":2,"column":43}},"2":{"start":{"line":3,"column":2},"end":{"line":3,"column":25}},"3":{"start":{"line":4,"column":2},"end":{"line":4,"column":14}},"4":{"start":{"line":7,"column":0},"end":{"line":7,"column":26}}},"fnMap":{"0":{"name":"(anonymous_0)","decl":{"start":{"line":1,"column":17},"end":{"line":1,"column":18}},"loc":{"start":{"line":1,"column":51},"end":{"line":5,"column":1}},"line":1}},"branchMap":{},"s":{"0":1,"1":2,"2":2,"3":2,"4":1},"f":{"0":2},"b":{},"_coverageSchema":"1a1c01bbd47fc00a2c39e90264f33305004495a9","hash":"82f8d6038683317f0b61b7a0261b55d53e371429"}
,"/Users/swapnil_k_singh/Desktop/test/Multiplayer-Card-Game/src/utils/suffleDeck.js": {"path":"/Users/swapnil_k_singh/Desktop/test/Multiplayer-Card-Game/src/utils/suffleDeck.js","statementMap":{"0":{"start":{"line":1,"column":19},"end":{"line":8,"column":1}},"1":{"start":{"line":2,"column":2},"end":{"line":7,"column":3}},"2":{"start":{"line":2,"column":15},"end":{"line":2,"column":30}},"3":{"start":{"line":3,"column":14},"end":{"line":3,"column":43}},"4":{"start":{"line":4,"column":17},"end":{"line":4,"column":24}},"5":{"start":{"line":5,"column":4},"end":{"line":5,"column":22}},"6":{"start":{"line":6,"column":4},"end":{"line":6,"column":19}},"7":{"start":{"line":10,"column":0},"end":{"line":10,"column":28}}},"fnMap":{"0":{"name":"(anonymous_0)","decl":{"start":{"line":1,"column":19},"end":{"line":1,"column":20}},"loc":{"start":{"line":1,"column":29},"end":{"line":8,"column":1}},"line":1}},"branchMap":{},"s":{"0":1,"1":1,"2":1,"3":4,"4":4,"5":4,"6":4,"7":1},"f":{"0":1},"b":{},"_coverageSchema":"1a1c01bbd47fc00a2c39e90264f33305004495a9","hash":"0f2ee4834e464d5e4df1bacf990cc069ca8f1b79"}
}
